<?xml version="1.0" encoding="UTF-8"?>
<!-- Generated by org.testng.reporters.JUnitXMLReporter -->
<testsuite ignored="0" hostname="USER" failures="0" tests="4" name="Test scenarios" time="35.22" errors="0" timestamp="2024-08-07T00:36:21 GMT+02:00">
  <testcase classname="Day1" name="Verify_sorting" time="4.74"/>
  <testcase classname="Day2" name="Verify_scenario2" time="6.048"/>
  <testcase classname="Day3" name="Verify_scenario3" time="7.477"/>
  <testcase classname="Day4" name="Verify_scenario4" time="7.115"/>
</testsuite> <!-- Test scenarios -->
