<?xml version="1.0" encoding="UTF-8"?>
<!-- Generated by org.testng.reporters.JUnitXMLReporter -->
<testsuite ignored="0" hostname="USER" failures="0" tests="5" name="Test scenarios" time="64.533" errors="0" timestamp="2024-08-08T20:03:43 GMT+02:00">
  <testcase classname="Day1" name="Verify_sorting" time="8.262"/>
  <testcase classname="Day2" name="Verify_scenario2" time="6.836"/>
  <testcase classname="Day3" name="Verify_scenario3" time="8.201"/>
  <testcase classname="Day4" name="Verify_scenario4" time="8.046"/>
  <testcase classname="Day5" name="Verify_scenario5" time="19.541"/>
</testsuite> <!-- Test scenarios -->
