<?xml version="1.0" encoding="UTF-8"?>
<testng-results ignored="0" total="1" passed="1" failed="0" skipped="0">
  <reporter-output>
    <line>
      <![CDATA[Open Base URL]]>
    </line>
    <line>
      <![CDATA[Compare Titles]]>
    </line>
    <line>
      <![CDATA[click on Mobile Menu]]>
    </line>
    <line>
      <![CDATA[Compare Titles]]>
    </line>
    <line>
      <![CDATA[select type of Sort by Name]]>
    </line>
    <line>
      <![CDATA[Taking Screenshot]]>
    </line>
    <line>
      <![CDATA[<img src='screenshots\20240804_231810.png' alt='screenshot' style="width:500px;height:500px;" />]]>
    </line>
    <line>
      <![CDATA[check if the items are sorted by name or not]]>
    </line>
  </reporter-output>
  <suite started-at="2024-08-04T23:18:02 GMT+02:00" name="Sorting Suite" finished-at="2024-08-04T23:18:12 GMT+02:00" duration-ms="9621">
    <groups>
    </groups>
    <test started-at="2024-08-04T23:18:02 GMT+02:00" name="Test scenarios" finished-at="2024-08-04T23:18:12 GMT+02:00" duration-ms="9621">
      <class name="Day1">
        <test-method is-config="true" signature="Setup()[pri:0, instance:Day1@4313f5bc]" started-at="2024-08-04T23:18:02 GMT+02:00" name="Setup" finished-at="2024-08-04T23:18:03 GMT+02:00" duration-ms="1404" status="PASS">
          <reporter-output>
          </reporter-output>
        </test-method> <!-- Setup -->
        <test-method signature="Verify_sorting()[pri:0, instance:Day1@4313f5bc]" started-at="2024-08-04T23:18:03 GMT+02:00" name="Verify_sorting" finished-at="2024-08-04T23:18:10 GMT+02:00" duration-ms="6935" status="PASS">
          <reporter-output>
            <line>
              <![CDATA[Open Base URL]]>
            </line>
            <line>
              <![CDATA[Compare Titles]]>
            </line>
            <line>
              <![CDATA[click on Mobile Menu]]>
            </line>
            <line>
              <![CDATA[Compare Titles]]>
            </line>
            <line>
              <![CDATA[select type of Sort by Name]]>
            </line>
            <line>
              <![CDATA[Taking Screenshot]]>
            </line>
            <line>
              <![CDATA[<img src='screenshots\20240804_231810.png' alt='screenshot' style="width:500px;height:500px;" />]]>
            </line>
            <line>
              <![CDATA[check if the items are sorted by name or not]]>
            </line>
          </reporter-output>
        </test-method> <!-- Verify_sorting -->
        <test-method is-config="true" signature="Finish()[pri:0, instance:Day1@4313f5bc]" started-at="2024-08-04T23:18:10 GMT+02:00" name="Finish" finished-at="2024-08-04T23:18:12 GMT+02:00" duration-ms="1242" status="PASS">
          <reporter-output>
          </reporter-output>
        </test-method> <!-- Finish -->
      </class> <!-- Day1 -->
    </test> <!-- Test scenarios -->
  </suite> <!-- Sorting Suite -->
</testng-results>
