<?xml version="1.0" encoding="UTF-8"?>
<testng-results ignored="0" total="5" passed="5" failed="0" skipped="0">
  <reporter-output>
    <line>
      <![CDATA[Open Base URL]]>
    </line>
    <line>
      <![CDATA[Compare Titles]]>
    </line>
    <line>
      <![CDATA[click on Mobile Menu]]>
    </line>
    <line>
      <![CDATA[Compare Titles]]>
    </line>
    <line>
      <![CDATA[select type of Sort by Name]]>
    </line>
    <line>
      <![CDATA[Taking Screenshot]]>
    </line>
    <line>
      <![CDATA[<img src='screenshots\20240808_200254.png' alt='screenshot' style="width:500px;height:500px;" />]]>
    </line>
    <line>
      <![CDATA[check if the items are sorted by name or not]]>
    </line>
    <line>
      <![CDATA[Open Base URL]]>
    </line>
    <line>
      <![CDATA[click on Mobile Menu]]>
    </line>
    <line>
      <![CDATA[Get cost of sony Xperia mobile from the list of all mobiles]]>
    </line>
    <line>
      <![CDATA[Click on mobile Xperia mobile]]>
    </line>
    <line>
      <![CDATA[Get cost of sony Xperia mobile from detail page]]>
    </line>
    <line>
      <![CDATA[Compare the 2 cost values]]>
    </line>
    <line>
      <![CDATA[Equal values]]>
    </line>
    <line>
      <![CDATA[Open Base URL]]>
    </line>
    <line>
      <![CDATA[click on Mobile Menu]]>
    </line>
    <line>
      <![CDATA[Click Add to Cart for sony Xperia mobile]]>
    </line>
    <line>
      <![CDATA[Edit quantity for the item to be 1000]]>
    </line>
    <line>
      <![CDATA[click update button]]>
    </line>
    <line>
      <![CDATA[Check error message]]>
    </line>
    <line>
      <![CDATA[error message shown with correct message]]>
    </line>
    <line>
      <![CDATA[Empty Cart]]>
    </line>
    <line>
      <![CDATA[check empty cart message]]>
    </line>
    <line>
      <![CDATA[message shown with correct message]]>
    </line>
    <line>
      <![CDATA[Open Base URL]]>
    </line>
    <line>
      <![CDATA[click on Mobile Menu]]>
    </line>
    <line>
      <![CDATA[Add to compare(Iphone)]]>
    </line>
    <line>
      <![CDATA[message shown with correct message]]>
    </line>
    <line>
      <![CDATA[Add to compare(Sony xperia)]]>
    </line>
    <line>
      <![CDATA[message shown with correct message]]>
    </line>
    <line>
      <![CDATA[Click on compare button]]>
    </line>
    <line>
      <![CDATA[switch to popup window]]>
    </line>
    <line>
      <![CDATA[title shown with correctly]]>
    </line>
    <line>
      <![CDATA[Open Base URL]]>
    </line>
    <line>
      <![CDATA[Click on my account link]]>
    </line>
    <line>
      <![CDATA[switching to new window]]>
    </line>
    <line>
      <![CDATA[Click Create an Account link]]>
    </line>
    <line>
      <![CDATA[fill New User information]]>
    </line>
    <line>
      <![CDATA[Click Register]]>
    </line>
    <line>
      <![CDATA[Verify Registration is done. Expected account registration done.]]>
    </line>
    <line>
      <![CDATA[Go to TV menu]]>
    </line>
    <line>
      <![CDATA[Add product in your wish list - use product - LG LCD]]>
    </line>
    <line>
      <![CDATA[Click SHARE WISHLIST]]>
    </line>
    <line>
      <![CDATA[In next page enter Email and a message and click SHARE WISHLIST]]>
    </line>
    <line>
      <![CDATA[Check wishlist is shared. Expected wishlist shared successfully.]]>
    </line>
  </reporter-output>
  <suite started-at="2024-08-08T20:02:38 GMT+02:00" name="Test Suite" finished-at="2024-08-08T20:03:43 GMT+02:00" duration-ms="64533">
    <groups>
    </groups>
    <test started-at="2024-08-08T20:02:38 GMT+02:00" name="Test scenarios" finished-at="2024-08-08T20:03:43 GMT+02:00" duration-ms="64533">
      <class name="Day1">
        <test-method is-config="true" signature="Setup()[pri:0, instance:Day1@2ea227af]" started-at="2024-08-08T20:02:38 GMT+02:00" name="Setup" finished-at="2024-08-08T20:02:40 GMT+02:00" duration-ms="2219" status="PASS">
          <reporter-output>
          </reporter-output>
        </test-method> <!-- Setup -->
        <test-method signature="Verify_sorting()[pri:0, instance:Day1@2ea227af]" started-at="2024-08-08T20:02:46 GMT+02:00" name="Verify_sorting" finished-at="2024-08-08T20:02:54 GMT+02:00" duration-ms="8262" status="PASS">
          <reporter-output>
            <line>
              <![CDATA[Open Base URL]]>
            </line>
            <line>
              <![CDATA[Compare Titles]]>
            </line>
            <line>
              <![CDATA[click on Mobile Menu]]>
            </line>
            <line>
              <![CDATA[Compare Titles]]>
            </line>
            <line>
              <![CDATA[select type of Sort by Name]]>
            </line>
            <line>
              <![CDATA[Taking Screenshot]]>
            </line>
            <line>
              <![CDATA[<img src='screenshots\20240808_200254.png' alt='screenshot' style="width:500px;height:500px;" />]]>
            </line>
            <line>
              <![CDATA[check if the items are sorted by name or not]]>
            </line>
          </reporter-output>
        </test-method> <!-- Verify_sorting -->
        <test-method is-config="true" signature="Finish()[pri:0, instance:Day1@2ea227af]" started-at="2024-08-08T20:03:37 GMT+02:00" name="Finish" finished-at="2024-08-08T20:03:38 GMT+02:00" duration-ms="1045" status="PASS">
          <reporter-output>
          </reporter-output>
        </test-method> <!-- Finish -->
      </class> <!-- Day1 -->
      <class name="Day2">
        <test-method is-config="true" signature="Setup()[pri:0, instance:Day2@7f552bd3]" started-at="2024-08-08T20:02:40 GMT+02:00" name="Setup" finished-at="2024-08-08T20:02:42 GMT+02:00" duration-ms="1352" status="PASS">
          <reporter-output>
          </reporter-output>
        </test-method> <!-- Setup -->
        <test-method signature="Verify_scenario2()[pri:0, instance:Day2@7f552bd3]" started-at="2024-08-08T20:02:54 GMT+02:00" name="Verify_scenario2" finished-at="2024-08-08T20:03:01 GMT+02:00" duration-ms="6836" status="PASS">
          <reporter-output>
            <line>
              <![CDATA[Open Base URL]]>
            </line>
            <line>
              <![CDATA[click on Mobile Menu]]>
            </line>
            <line>
              <![CDATA[Get cost of sony Xperia mobile from the list of all mobiles]]>
            </line>
            <line>
              <![CDATA[Click on mobile Xperia mobile]]>
            </line>
            <line>
              <![CDATA[Get cost of sony Xperia mobile from detail page]]>
            </line>
            <line>
              <![CDATA[Compare the 2 cost values]]>
            </line>
            <line>
              <![CDATA[Equal values]]>
            </line>
          </reporter-output>
        </test-method> <!-- Verify_scenario2 -->
        <test-method is-config="true" signature="Finish()[pri:0, instance:Day2@7f552bd3]" started-at="2024-08-08T20:03:38 GMT+02:00" name="Finish" finished-at="2024-08-08T20:03:38 GMT+02:00" duration-ms="57" status="PASS">
          <reporter-output>
          </reporter-output>
        </test-method> <!-- Finish -->
      </class> <!-- Day2 -->
      <class name="Day3">
        <test-method is-config="true" signature="Setup()[pri:0, instance:Day3@3c22fc4c]" started-at="2024-08-08T20:02:42 GMT+02:00" name="Setup" finished-at="2024-08-08T20:02:43 GMT+02:00" duration-ms="1336" status="PASS">
          <reporter-output>
          </reporter-output>
        </test-method> <!-- Setup -->
        <test-method signature="Verify_scenario3()[pri:0, instance:Day3@3c22fc4c]" started-at="2024-08-08T20:03:01 GMT+02:00" name="Verify_scenario3" finished-at="2024-08-08T20:03:09 GMT+02:00" duration-ms="8201" status="PASS">
          <reporter-output>
            <line>
              <![CDATA[Open Base URL]]>
            </line>
            <line>
              <![CDATA[click on Mobile Menu]]>
            </line>
            <line>
              <![CDATA[Click Add to Cart for sony Xperia mobile]]>
            </line>
            <line>
              <![CDATA[Edit quantity for the item to be 1000]]>
            </line>
            <line>
              <![CDATA[click update button]]>
            </line>
            <line>
              <![CDATA[Check error message]]>
            </line>
            <line>
              <![CDATA[error message shown with correct message]]>
            </line>
            <line>
              <![CDATA[Empty Cart]]>
            </line>
            <line>
              <![CDATA[check empty cart message]]>
            </line>
            <line>
              <![CDATA[message shown with correct message]]>
            </line>
          </reporter-output>
        </test-method> <!-- Verify_scenario3 -->
        <test-method is-config="true" signature="Finish()[pri:0, instance:Day3@3c22fc4c]" started-at="2024-08-08T20:03:38 GMT+02:00" name="Finish" finished-at="2024-08-08T20:03:39 GMT+02:00" duration-ms="1631" status="PASS">
          <reporter-output>
          </reporter-output>
        </test-method> <!-- Finish -->
      </class> <!-- Day3 -->
      <class name="Day4">
        <test-method is-config="true" signature="Setup()[pri:0, instance:Day4@460d0a57]" started-at="2024-08-08T20:02:43 GMT+02:00" name="Setup" finished-at="2024-08-08T20:02:44 GMT+02:00" duration-ms="1333" status="PASS">
          <reporter-output>
          </reporter-output>
        </test-method> <!-- Setup -->
        <test-method signature="Verify_scenario4()[pri:0, instance:Day4@460d0a57]" started-at="2024-08-08T20:03:09 GMT+02:00" name="Verify_scenario4" finished-at="2024-08-08T20:03:17 GMT+02:00" duration-ms="8046" status="PASS">
          <reporter-output>
            <line>
              <![CDATA[Open Base URL]]>
            </line>
            <line>
              <![CDATA[click on Mobile Menu]]>
            </line>
            <line>
              <![CDATA[Add to compare(Iphone)]]>
            </line>
            <line>
              <![CDATA[message shown with correct message]]>
            </line>
            <line>
              <![CDATA[Add to compare(Sony xperia)]]>
            </line>
            <line>
              <![CDATA[message shown with correct message]]>
            </line>
            <line>
              <![CDATA[Click on compare button]]>
            </line>
            <line>
              <![CDATA[switch to popup window]]>
            </line>
            <line>
              <![CDATA[title shown with correctly]]>
            </line>
          </reporter-output>
        </test-method> <!-- Verify_scenario4 -->
        <test-method is-config="true" signature="Finish()[pri:0, instance:Day4@460d0a57]" started-at="2024-08-08T20:03:39 GMT+02:00" name="Finish" finished-at="2024-08-08T20:03:41 GMT+02:00" duration-ms="1628" status="PASS">
          <reporter-output>
          </reporter-output>
        </test-method> <!-- Finish -->
      </class> <!-- Day4 -->
      <class name="Day5">
        <test-method is-config="true" signature="Setup()[pri:0, instance:Day5@47d90b9e]" started-at="2024-08-08T20:02:44 GMT+02:00" name="Setup" finished-at="2024-08-08T20:02:46 GMT+02:00" duration-ms="1364" status="PASS">
          <reporter-output>
          </reporter-output>
        </test-method> <!-- Setup -->
        <test-method signature="Verify_scenario5()[pri:0, instance:Day5@47d90b9e]" started-at="2024-08-08T20:03:17 GMT+02:00" name="Verify_scenario5" finished-at="2024-08-08T20:03:37 GMT+02:00" duration-ms="19541" status="PASS">
          <reporter-output>
            <line>
              <![CDATA[Open Base URL]]>
            </line>
            <line>
              <![CDATA[Click on my account link]]>
            </line>
            <line>
              <![CDATA[switching to new window]]>
            </line>
            <line>
              <![CDATA[Click Create an Account link]]>
            </line>
            <line>
              <![CDATA[fill New User information]]>
            </line>
            <line>
              <![CDATA[Click Register]]>
            </line>
            <line>
              <![CDATA[Verify Registration is done. Expected account registration done.]]>
            </line>
            <line>
              <![CDATA[Go to TV menu]]>
            </line>
            <line>
              <![CDATA[Add product in your wish list - use product - LG LCD]]>
            </line>
            <line>
              <![CDATA[Click SHARE WISHLIST]]>
            </line>
            <line>
              <![CDATA[In next page enter Email and a message and click SHARE WISHLIST]]>
            </line>
            <line>
              <![CDATA[Check wishlist is shared. Expected wishlist shared successfully.]]>
            </line>
          </reporter-output>
        </test-method> <!-- Verify_scenario5 -->
        <test-method is-config="true" signature="Finish()[pri:0, instance:Day5@47d90b9e]" started-at="2024-08-08T20:03:41 GMT+02:00" name="Finish" finished-at="2024-08-08T20:03:43 GMT+02:00" duration-ms="1626" status="PASS">
          <reporter-output>
          </reporter-output>
        </test-method> <!-- Finish -->
      </class> <!-- Day5 -->
    </test> <!-- Test scenarios -->
  </suite> <!-- Test Suite -->
</testng-results>
